빌드 시작: 2015-02-05 오후 4:33:06
     1>2 노드의 "C:\Users\MIN\Documents\GitHub\JunkEngine\JunkEngine\EnginePart1.vcxproj" 프로젝트(Build 대상)입니다.
     1>C:\Program Files (x86)\MSBuild\Microsoft.Cpp\v4.0\V140\Microsoft.CppBuild.targets(388,5): warning MSB8028: The intermediate directory (Debug\) contains files shared from another project (EnginePart1.vcxproj).  This can lead to incorrect clean and rebuild behavior.
     1>ClCompile:
         C:\Program Files (x86)\Microsoft Visual Studio 14.0\VC\bin\CL.exe /c /I"C:\Program Files (x86)\Microsoft DirectX SDK (June 2010)\\Include" /ZI /nologo /W3 /WX- /Od /Oy- /D _MBCS /Gm /EHsc /RTC1 /MDd /GS /fp:precise /Zc:wchar_t /Zc:forScope /Fo"Debug\\" /Fd"Debug\vc140.pdb" /Gd /TP /analyze- /errorReport:prompt Source\MainGame.cpp Source\game.cpp Source\graphics.cpp Source\winmain.cpp
         MainGame.cpp
     1>c:\program files (x86)\microsoft directx sdk (june 2010)\include\d3d9.h(2169): warning C4458: 'FVF' 선언은 클래스 멤버를 숨깁니다.
         c:\program files (x86)\microsoft directx sdk (june 2010)\include\d3d9.h(571): note: 'IDirect3DDevice9::FVF' 선언을 참조하십시오.
     1>c:\program files (x86)\microsoft directx sdk (june 2010)\include\d3d9.h(2232): warning C4458: 'FVF' 선언은 클래스 멤버를 숨깁니다.
         c:\program files (x86)\microsoft directx sdk (june 2010)\include\d3d9.h(571): note: 'IDirect3DDevice9::FVF' 선언을 참조하십시오.
     1>c:\users\min\documents\github\junkengine\junkengine\headers\graphics.h(52): warning C4458: 'width' 선언은 클래스 멤버를 숨깁니다.
         c:\users\min\documents\github\junkengine\junkengine\headers\graphics.h(37): note: 'Graphics::width' 선언을 참조하십시오.
     1>c:\users\min\documents\github\junkengine\junkengine\headers\graphics.h(52): warning C4458: 'height' 선언은 클래스 멤버를 숨깁니다.
         c:\users\min\documents\github\junkengine\junkengine\headers\graphics.h(38): note: 'Graphics::height' 선언을 참조하십시오.
     1>c:\users\min\documents\github\junkengine\junkengine\headers\graphics.h(52): warning C4458: 'fullscreen' 선언은 클래스 멤버를 숨깁니다.
         c:\users\min\documents\github\junkengine\junkengine\headers\graphics.h(36): note: 'Graphics::fullscreen' 선언을 참조하십시오.
     1>c:\users\min\documents\github\junkengine\junkengine\headers\game.h(36): warning C4458: 'hwnd' 선언은 클래스 멤버를 숨깁니다.
         c:\users\min\documents\github\junkengine\junkengine\headers\game.h(18): note: 'Game::hwnd' 선언을 참조하십시오.
     1>c:\users\min\documents\github\junkengine\junkengine\headers\game.h(39): warning C4458: 'hwnd' 선언은 클래스 멤버를 숨깁니다.
         c:\users\min\documents\github\junkengine\junkengine\headers\game.h(18): note: 'Game::hwnd' 선언을 참조하십시오.
     1>c:\users\min\documents\github\junkengine\junkengine\headers\maingame.h(19): warning C4458: 'hwnd' 선언은 클래스 멤버를 숨깁니다.
         c:\users\min\documents\github\junkengine\junkengine\headers\game.h(18): note: 'Game::hwnd' 선언을 참조하십시오.
     1>c:\users\min\documents\github\junkengine\junkengine\source\maingame.cpp(14): warning C4458: 'hwnd' 선언은 클래스 멤버를 숨깁니다.
         c:\users\min\documents\github\junkengine\junkengine\headers\game.h(18): note: 'Game::hwnd' 선언을 참조하십시오.
         코드를 생성하고 있습니다...
         건너뛰고 있습니다... (관련된 변경 내용 없음)
         winmain.cpp
         graphics.cpp
         game.cpp
       Link:
         C:\Program Files (x86)\Microsoft Visual Studio 14.0\VC\bin\link.exe /ERRORREPORT:PROMPT /OUT:"C:\Users\MIN\Documents\GitHub\JunkEngine\JunkEngine\Debug\JunkEngine.exe" /NOLOGO /LIBPATH:"C:\Program Files (x86)\Microsoft DirectX SDK (June 2010)\\Lib\x86" d3d9.lib d3dx9.lib winmm.lib xinput.lib winmm.lib kernel32.lib user32.lib gdi32.lib winspool.lib comdlg32.lib advapi32.lib shell32.lib ole32.lib oleaut32.lib uuid.lib odbc32.lib odbccp32.lib /MANIFEST /MANIFESTUAC:"level='asInvoker' uiAccess='false'" /manifest:embed /Debug /PDB:"C:\Users\MIN\Documents\GitHub\JunkEngine\JunkEngine\Debug\JunkEngine.pdb" /TLBID:1 /DYNAMICBASE /NXCOMPAT /IMPLIB:"C:\Users\MIN\Documents\GitHub\JunkEngine\JunkEngine\Debug\JunkEngine.lib" /MACHINE:X86 /SAFESEH Debug\game.obj
         Debug\graphics.obj
         Debug\input.obj
         Debug\MainGame.obj
         Debug\winmain.obj
         EnginePart1.vcxproj -> C:\Users\MIN\Documents\GitHub\JunkEngine\JunkEngine\Debug\JunkEngine.exe
     1>"C:\Users\MIN\Documents\GitHub\JunkEngine\JunkEngine\EnginePart1.vcxproj" 프로젝트를 빌드했습니다(Build 대상).

빌드했습니다.

경과 시간: 00:00:01.31
